error: Could not read .foreverignore file.
error: ENOENT: no such file or directory, open 'D:\KRISH\SVN\Verizon\DataGenTool\.foreverignore'
'C:\Program' is not recognized as an internal or external command,
operable program or batch file.
error: Forever detected script exited with code: 1
error: Script restart attempt #1
error: restarting script because D:\KRISH\SVN\Verizon\DataGenTool\forever\logs\forever.log changed
error: Forever detected script exited with code: 1
error: Script restart attempt #2
'C:\Program' is not recognized as an internal or external command,
operable program or batch file.
error: Forever detected script exited with code: 1
error: Script restart attempt #3
'C:\Program' is not recognized as an internal or external command,
operable program or batch file.
error: Forever detected script exited with code: 1
error: restarting script because D:\KRISH\SVN\Verizon\DataGenTool\forever\logs\error.log changed
error: restarting script because D:\KRISH\SVN\Verizon\DataGenTool\forever\logs\forever.log changed
error: restarting script because D:\KRISH\SVN\Verizon\DataGenTool\forever\logs\forever.log changed
error: Script restart attempt #4
'C:\Program' is not recognized as an internal or external command,
operable program or batch file.
error: Forever detected script exited with code: 1
error: Script restart attempt #5
'C:\Program' is not recognized as an internal or external command,
operable program or batch file.
error: Forever detected script exited with code: 1
error: Script restart attempt #6
'C:\Program' is not recognized as an internal or external command,
operable program or batch file.
error: Forever detected script exited with code: 1
error: Script restart attempt #7
'C:\Program' is not recognized as an internal or external command,
operable program or batch file.
error: Forever detected script exited with code: 1
error: Script restart attempt #8
'C:\Program' is not recognized as an internal or external command,
operable program or batch file.
error: Forever detected script exited with code: 1
error: restarting script because D:\KRISH\SVN\Verizon\DataGenTool\forever\logs\error.log changed
error: restarting script because D:\KRISH\SVN\Verizon\DataGenTool\forever\logs\forever.log changed
error: Script restart attempt #9
'C:\Program' is not recognized as an internal or external command,
operable program or batch file.
error: Forever detected script exited with code: 1
error: Script restart attempt #10
'C:\Program' is not recognized as an internal or external command,
operable program or batch file.
error: Forever detected script exited with code: 1
error: Script restart attempt #11
'C:\Program' is not recognized as an internal or external command,
operable program or batch file.
error: Forever detected script exited with code: 1
error: Script restart attempt #12
'C:\Program' is not recognized as an internal or external command,
operable program or batch file.
error: Forever detected script exited with code: 1
error: restarting script because D:\KRISH\SVN\Verizon\DataGenTool\forever\logs\forever.log changed
error: restarting script because D:\KRISH\SVN\Verizon\DataGenTool\forever\logs\error.log changed
error: restarting script because D:\KRISH\SVN\Verizon\DataGenTool\forever\logs\forever.log changed
error: restarting script because D:\KRISH\SVN\Verizon\DataGenTool\forever\logs\forever.log changed
error: Script restart attempt #13
'C:\Program' is not recognized as an internal or external command,
operable program or batch file.
error: Forever detected script exited with code: 1
error: restarting script because D:\KRISH\SVN\Verizon\DataGenTool\forever\logs\error.log changed
error: restarting script because D:\KRISH\SVN\Verizon\DataGenTool\forever\logs\forever.log changed
error: Script restart attempt #14
'C:\Program' is not recognized as an internal or external command,
operable program or batch file.
error: Forever detected script exited with code: 1
error: restarting script because D:\KRISH\SVN\Verizon\DataGenTool\forever\logs\forever.log changed
error: Script restart attempt #15
error: restarting script because D:\KRISH\SVN\Verizon\DataGenTool\forever\logs\forever.log changed
'C:\Program' is not recognized as an internal or external command,
operable program or batch file.
error: Forever detected script exited with code: 1
error: Script restart attempt #16
'C:\Program' is not recognized as an internal or external command,
operable program or batch file.
error: Forever detected script exited with code: 1
error: restarting script because D:\KRISH\SVN\Verizon\DataGenTool\forever\logs\error.log changed
error: restarting script because D:\KRISH\SVN\Verizon\DataGenTool\forever\logs\forever.log changed
error: restarting script because D:\KRISH\SVN\Verizon\DataGenTool\forever\logs\error.log changed
error: Script restart attempt #17
'C:\Program' is not recognized as an internal or external command,
operable program or batch file.
error: Forever detected script exited with code: 1
error: restarting script because D:\KRISH\SVN\Verizon\DataGenTool\forever\logs\forever.log changed
error: restarting script because D:\KRISH\SVN\Verizon\DataGenTool\forever\logs\error.log changed
error: restarting script because D:\KRISH\SVN\Verizon\DataGenTool\forever\logs\forever.log changed
error: restarting script because D:\KRISH\SVN\Verizon\DataGenTool\forever\logs\forever.log changed
error: Script restart attempt #18
'C:\Program' is not recognized as an internal or external command,
operable program or batch file.
error: Forever detected script exited with code: 1
error: Script restart attempt #19
'C:\Program' is not recognized as an internal or external command,
operable program or batch file.
error: Forever detected script exited with code: 1
error: restarting script because D:\KRISH\SVN\Verizon\DataGenTool\forever\logs\error.log changed
error: restarting script because D:\KRISH\SVN\Verizon\DataGenTool\forever\logs\forever.log changed
error: Script restart attempt #20
'C:\Program' is not recognized as an internal or external command,
operable program or batch file.
error: Forever detected script exited with code: 1
error: Script restart attempt #21
'C:\Program' is not recognized as an internal or external command,
operable program or batch file.
error: Forever detected script exited with code: 1
error: Script restart attempt #22
'C:\Program' is not recognized as an internal or external command,
operable program or batch file.
error: Forever detected script exited with code: 1
error: Script restart attempt #23
'C:\Program' is not recognized as an internal or external command,
operable program or batch file.
error: Forever detected script exited with code: 1
error: Script restart attempt #24
'C:\Program' is not recognized as an internal or external command,
operable program or batch file.
error: Forever detected script exited with code: 1
error: Script restart attempt #25
'C:\Program' is not recognized as an internal or external command,
operable program or batch file.
error: Forever detected script exited with code: 1
error: Script restart attempt #26
'C:\Program' is not recognized as an internal or external command,
operable program or batch file.
error: Forever detected script exited with code: 1
error: Script restart attempt #27
'C:\Program' is not recognized as an internal or external command,
operable program or batch file.
error: Forever detected script exited with code: 1
error: Script restart attempt #28
'C:\Program' is not recognized as an internal or external command,
operable program or batch file.
error: Forever detected script exited with code: 1
error: Script restart attempt #29
'C:\Program' is not recognized as an internal or external command,
operable program or batch file.
error: Forever detected script exited with code: 1
error: Script restart attempt #30
'C:\Program' is not recognized as an internal or external command,
operable program or batch file.
error: Forever detected script exited with code: 1
error: Script restart attempt #31
'C:\Program' is not recognized as an internal or external command,
operable program or batch file.
error: Forever detected script exited with code: 1
error: Script restart attempt #32
'C:\Program' is not recognized as an internal or external command,
operable program or batch file.
error: Forever detected script exited with code: 1
error: Script restart attempt #33
'C:\Program' is not recognized as an internal or external command,
operable program or batch file.
error: Forever detected script exited with code: 1
error: Script restart attempt #34
'C:\Program' is not recognized as an internal or external command,
operable program or batch file.
error: Forever detected script exited with code: 1
error: Script restart attempt #35
'C:\Program' is not recognized as an internal or external command,
operable program or batch file.
error: Forever detected script exited with code: 1
error: Script restart attempt #36
'C:\Program' is not recognized as an internal or external command,
operable program or batch file.
error: Forever detected script exited with code: 1
error: Script restart attempt #37
'C:\Program' is not recognized as an internal or external command,
operable program or batch file.
error: Forever detected script exited with code: 1
error: Script restart attempt #38
'C:\Program' is not recognized as an internal or external command,
operable program or batch file.
error: Forever detected script exited with code: 1
error: Script restart attempt #39
'C:\Program' is not recognized as an internal or external command,
operable program or batch file.
error: Forever detected script exited with code: 1
error: restarting script because D:\KRISH\SVN\Verizon\DataGenTool\forever\logs\forever.log changed
error: restarting script because D:\KRISH\SVN\Verizon\DataGenTool\forever\logs\error.log changed
error: Script restart attempt #40
'C:\Program' is not recognized as an internal or external command,
operable program or batch file.
error: Forever detected script exited with code: 1
error: Script restart attempt #41
'C:\Program' is not recognized as an internal or external command,
operable program or batch file.
error: Forever detected script exited with code: 1
error: Script restart attempt #42
'C:\Program' is not recognized as an internal or external command,
operable program or batch file.
error: Forever detected script exited with code: 1
error: Script restart attempt #43
'C:\Program' is not recognized as an internal or external command,
operable program or batch file.
error: Forever detected script exited with code: 1
error: Script restart attempt #44
'C:\Program' is not recognized as an internal or external command,
operable program or batch file.
error: Forever detected script exited with code: 1
error: Script restart attempt #45
'C:\Program' is not recognized as an internal or external command,
operable program or batch file.
error: Forever detected script exited with code: 1
error: Script restart attempt #46
'C:\Program' is not recognized as an internal or external command,
operable program or batch file.
error: Forever detected script exited with code: 1
error: Script restart attempt #47
'C:\Program' is not recognized as an internal or external command,
operable program or batch file.
error: Forever detected script exited with code: 1
error: Script restart attempt #48
'C:\Program' is not recognized as an internal or external command,
operable program or batch file.
error: Forever detected script exited with code: 1
error: Script restart attempt #49
'C:\Program' is not recognized as an internal or external command,
operable program or batch file.
error: Forever detected script exited with code: 1
error: Script restart attempt #50
'C:\Program' is not recognized as an internal or external command,
operable program or batch file.
error: Forever detected script exited with code: 1
error: Script restart attempt #51
'C:\Program' is not recognized as an internal or external command,
operable program or batch file.
error: Forever detected script exited with code: 1
error: Script restart attempt #52
'C:\Program' is not recognized as an internal or external command,
operable program or batch file.
error: Forever detected script exited with code: 1
error: Script restart attempt #53
'C:\Program' is not recognized as an internal or external command,
operable program or batch file.
error: Forever detected script exited with code: 1
error: Script restart attempt #54
'C:\Program' is not recognized as an internal or external command,
operable program or batch file.
error: Forever detected script exited with code: 1
error: Script restart attempt #55
'C:\Program' is not recognized as an internal or external command,
operable program or batch file.
error: Forever detected script exited with code: 1
error: Script restart attempt #56
'C:\Program' is not recognized as an internal or external command,
operable program or batch file.
error: Forever detected script exited with code: 1
error: Script restart attempt #57
'C:\Program' is not recognized as an internal or external command,
operable program or batch file.
error: Forever detected script exited with code: 1
error: Script restart attempt #58
'C:\Program' is not recognized as an internal or external command,
operable program or batch file.
error: Forever detected script exited with code: 1
error: Script restart attempt #59
'C:\Program' is not recognized as an internal or external command,
operable program or batch file.
error: Forever detected script exited with code: 1
error: Script restart attempt #60
'C:\Program' is not recognized as an internal or external command,
operable program or batch file.
error: Forever detected script exited with code: 1
error: Script restart attempt #61
'C:\Program' is not recognized as an internal or external command,
operable program or batch file.
error: Forever detected script exited with code: 1
error: Script restart attempt #62
'C:\Program' is not recognized as an internal or external command,
operable program or batch file.
error: Forever detected script exited with code: 1
error: Script restart attempt #63
'C:\Program' is not recognized as an internal or external command,
operable program or batch file.
error: Forever detected script exited with code: 1
error: Script restart attempt #64
'C:\Program' is not recognized as an internal or external command,
operable program or batch file.
error: Forever detected script exited with code: 1
error: Script restart attempt #65
'C:\Program' is not recognized as an internal or external command,
operable program or batch file.
error: Forever detected script exited with code: 1
error: Script restart attempt #66
'C:\Program' is not recognized as an internal or external command,
operable program or batch file.
error: Forever detected script exited with code: 1
error: Script restart attempt #67
'C:\Program' is not recognized as an internal or external command,
operable program or batch file.
error: Forever detected script exited with code: 1
error: Script restart attempt #68
'C:\Program' is not recognized as an internal or external command,
operable program or batch file.
error: Forever detected script exited with code: 1
error: Script restart attempt #69
'C:\Program' is not recognized as an internal or external command,
operable program or batch file.
error: Forever detected script exited with code: 1
error: Script restart attempt #70
'C:\Program' is not recognized as an internal or external command,
operable program or batch file.
error: Forever detected script exited with code: 1
error: Script restart attempt #71
'C:\Program' is not recognized as an internal or external command,
operable program or batch file.
error: Forever detected script exited with code: 1
error: Script restart attempt #72
'C:\Program' is not recognized as an internal or external command,
operable program or batch file.
error: Forever detected script exited with code: 1
error: Script restart attempt #73
'C:\Program' is not recognized as an internal or external command,
operable program or batch file.
error: Forever detected script exited with code: 1
error: Script restart attempt #74
'C:\Program' is not recognized as an internal or external command,
operable program or batch file.
error: Forever detected script exited with code: 1
error: Script restart attempt #75
'C:\Program' is not recognized as an internal or external command,
operable program or batch file.
error: Forever detected script exited with code: 1
error: Script restart attempt #76
'C:\Program' is not recognized as an internal or external command,
operable program or batch file.
error: Forever detected script exited with code: 1
error: Script restart attempt #77
'C:\Program' is not recognized as an internal or external command,
operable program or batch file.
error: Forever detected script exited with code: 1
error: Script restart attempt #78
'C:\Program' is not recognized as an internal or external command,
operable program or batch file.
error: Forever detected script exited with code: 1
error: Script restart attempt #79
'C:\Program' is not recognized as an internal or external command,
operable program or batch file.
error: Forever detected script exited with code: 1
error: Script restart attempt #80
'C:\Program' is not recognized as an internal or external command,
operable program or batch file.
error: Forever detected script exited with code: 1
error: Script restart attempt #81
'C:\Program' is not recognized as an internal or external command,
operable program or batch file.
error: Forever detected script exited with code: 1
error: Script restart attempt #82
'C:\Program' is not recognized as an internal or external command,
operable program or batch file.
error: Forever detected script exited with code: 1
error: Script restart attempt #83
'C:\Program' is not recognized as an internal or external command,
operable program or batch file.
error: Forever detected script exited with code: 1
error: Script restart attempt #84
'C:\Program' is not recognized as an internal or external command,
operable program or batch file.
error: Forever detected script exited with code: 1
error: Script restart attempt #85
'C:\Program' is not recognized as an internal or external command,
operable program or batch file.
error: Forever detected script exited with code: 1
error: Script restart attempt #86
'C:\Program' is not recognized as an internal or external command,
operable program or batch file.
error: Forever detected script exited with code: 1
error: Script restart attempt #87
'C:\Program' is not recognized as an internal or external command,
operable program or batch file.
error: Forever detected script exited with code: 1
error: Script restart attempt #88
'C:\Program' is not recognized as an internal or external command,
operable program or batch file.
error: Forever detected script exited with code: 1
error: Script restart attempt #89
'C:\Program' is not recognized as an internal or external command,
operable program or batch file.
error: Forever detected script exited with code: 1
error: Script restart attempt #90
'C:\Program' is not recognized as an internal or external command,
operable program or batch file.
error: Forever detected script exited with code: 1
error: Script restart attempt #91
'C:\Program' is not recognized as an internal or external command,
operable program or batch file.
error: Forever detected script exited with code: 1
error: Script restart attempt #92
'C:\Program' is not recognized as an internal or external command,
operable program or batch file.
error: Forever detected script exited with code: 1
error: Script restart attempt #93
'C:\Program' is not recognized as an internal or external command,
operable program or batch file.
error: Forever detected script exited with code: 1
error: Script restart attempt #94
'C:\Program' is not recognized as an internal or external command,
operable program or batch file.
error: Forever detected script exited with code: 1
error: Script restart attempt #95
'C:\Program' is not recognized as an internal or external command,
operable program or batch file.
error: Forever detected script exited with code: 1
error: restarting script because D:\KRISH\SVN\Verizon\DataGenTool\forever\logs\forever.log changed
error: restarting script because D:\KRISH\SVN\Verizon\DataGenTool\forever\logs\error.log changed
error: restarting script because D:\KRISH\SVN\Verizon\DataGenTool\forever\logs\forever.log changed
error: Script restart attempt #96
'C:\Program' is not recognized as an internal or external command,
operable program or batch file.
error: Forever detected script exited with code: 1
error: Script restart attempt #97
'C:\Program' is not recognized as an internal or external command,
operable program or batch file.
error: Forever detected script exited with code: 1
error: Script restart attempt #98
'C:\Program' is not recognized as an internal or external command,
operable program or batch file.
error: Forever detected script exited with code: 1
error: Script restart attempt #99
'C:\Program' is not recognized as an internal or external command,
operable program or batch file.
error: Forever detected script exited with code: 1
error: Script restart attempt #100
'C:\Program' is not recognized as an internal or external command,
operable program or batch file.
error: Forever detected script exited with code: 1
error: Script restart attempt #101
'C:\Program' is not recognized as an internal or external command,
operable program or batch file.
error: Forever detected script exited with code: 1
error: Script restart attempt #102
'C:\Program' is not recognized as an internal or external command,
operable program or batch file.
error: Forever detected script exited with code: 1
error: Script restart attempt #103
'C:\Program' is not recognized as an internal or external command,
operable program or batch file.
error: Forever detected script exited with code: 1
error: Script restart attempt #104
'C:\Program' is not recognized as an internal or external command,
operable program or batch file.
error: Forever detected script exited with code: 1
error: Script restart attempt #105
'C:\Program' is not recognized as an internal or external command,
operable program or batch file.
error: Forever detected script exited with code: 1
error: Script restart attempt #106
'C:\Program' is not recognized as an internal or external command,
operable program or batch file.
error: Forever detected script exited with code: 1
error: Script restart attempt #107
'C:\Program' is not recognized as an internal or external command,
operable program or batch file.
error: Forever detected script exited with code: 1
error: Script restart attempt #108
'C:\Program' is not recognized as an internal or external command,
operable program or batch file.
error: Forever detected script exited with code: 1
error: Script restart attempt #109
'C:\Program' is not recognized as an internal or external command,
operable program or batch file.
error: Forever detected script exited with code: 1
error: Script restart attempt #110
'C:\Program' is not recognized as an internal or external command,
operable program or batch file.
error: Forever detected script exited with code: 1
error: Script restart attempt #111
'C:\Program' is not recognized as an internal or external command,
operable program or batch file.
error: Forever detected script exited with code: 1
error: Script restart attempt #112
'C:\Program' is not recognized as an internal or external command,
operable program or batch file.
error: Forever detected script exited with code: 1
error: Script restart attempt #113
'C:\Program' is not recognized as an internal or external command,
operable program or batch file.
error: Forever detected script exited with code: 1
error: Script restart attempt #114
'C:\Program' is not recognized as an internal or external command,
operable program or batch file.
error: Forever detected script exited with code: 1
error: Script restart attempt #115
'C:\Program' is not recognized as an internal or external command,
operable program or batch file.
error: Forever detected script exited with code: 1
error: Script restart attempt #116
'C:\Program' is not recognized as an internal or external command,
operable program or batch file.
error: Forever detected script exited with code: 1
error: Script restart attempt #117
'C:\Program' is not recognized as an internal or external command,
operable program or batch file.
error: Forever detected script exited with code: 1
error: Script restart attempt #118
'C:\Program' is not recognized as an internal or external command,
operable program or batch file.
error: Forever detected script exited with code: 1
error: Script restart attempt #119
'C:\Program' is not recognized as an internal or external command,
operable program or batch file.
error: Forever detected script exited with code: 1
error: Script restart attempt #120
'C:\Program' is not recognized as an internal or external command,
operable program or batch file.
error: Forever detected script exited with code: 1
error: Script restart attempt #121
'C:\Program' is not recognized as an internal or external command,
operable program or batch file.
error: Forever detected script exited with code: 1
error: restarting script because D:\KRISH\SVN\Verizon\DataGenTool\forever\logs\forever.log changed
error: restarting script because D:\KRISH\SVN\Verizon\DataGenTool\forever\logs\error.log changed
error: Script restart attempt #122
'C:\Program' is not recognized as an internal or external command,
operable program or batch file.
error: Forever detected script exited with code: 1
fs.js:114
    throw err;
    ^

Error: EPERM: operation not permitted, unlink 'C:\Users\ananthakrishnans\.forever\sock\worker.1581085598088Oiq.sock'
    at Object.unlinkSync (fs.js:951:3)
    at exports.NsSocket.<anonymous> (D:\KRISH\SVN\Verizon\DataGenTool\node_modules\forever\lib\forever\worker.js:96:12)
    at exports.NsSocket.EventEmitter.emit (D:\KRISH\SVN\Verizon\DataGenTool\node_modules\eventemitter2\lib\eventemitter2.js:339:22)
    at exports.NsSocket._onData (D:\KRISH\SVN\Verizon\DataGenTool\node_modules\nssocket\lib\nssocket.js:454:8)
    at Lazy.<anonymous> (D:\KRISH\SVN\Verizon\DataGenTool\node_modules\lazy\lazy.js:91:13)
    at Lazy.<anonymous> (D:\KRISH\SVN\Verizon\DataGenTool\node_modules\lazy\lazy.js:73:19)
    at Lazy.emit (events.js:189:13)
    at Lazy.<anonymous> (D:\KRISH\SVN\Verizon\DataGenTool\node_modules\lazy\lazy.js:74:22)
    at Lazy.emit (events.js:189:13)
    at yieldTo (D:\KRISH\SVN\Verizon\DataGenTool\node_modules\lazy\lazy.js:181:18)
